Using pre-set license
Built from '2020.3/staging' branch; Version is '2020.3.26f1 (7298b473bc1a) revision 7510196'; Using compiler version '192528614'; Build Type 'Release'
OS: 'Windows 10  (10.0.19044) 64bit Professional' Language: 'en' Physical Memory: 16122 MB
BatchMode: 1, IsHumanControllingUs: 0, StartBugReporterOnCrash: 0, Is64bit: 1, IsPro: 0

COMMAND LINE ARGUMENTS:
C:\Program Files\Unity\Hub\Editor\2020.3.26f1\Editor\Unity.exe
-adb2
-batchMode
-noUpm
-name
AssetImportWorker0
-projectPath
C:/Users/Shivani.Mandoddi/FruitNinja
-logFile
Logs/AssetImportWorker0.log
-srvPort
53615
Successfully changed project path to: C:/Users/Shivani.Mandoddi/FruitNinja
C:/Users/Shivani.Mandoddi/FruitNinja
Using Asset Import Pipeline V2.
Refreshing native plugins compatible for Editor in 131.47 ms, found 3 plugins.
Preloading 0 native plugins for Editor in 0.00 ms.
Initialize engine version: 2020.3.26f1 (7298b473bc1a)
[Subsystems] Discovering subsystems at path C:/Program Files/Unity/Hub/Editor/2020.3.26f1/Editor/Data/Resources/UnitySubsystems
[Subsystems] Discovering subsystems at path C:/Users/Shivani.Mandoddi/FruitNinja/Assets
GfxDevice: creating device client; threaded=0
Direct3D:
    Version:  Direct3D 11.0 [level 11.1]
    Renderer: Intel(R) Iris(R) Xe Graphics (ID=0x9a49)
    Vendor:   
    VRAM:     8061 MB
    Driver:   30.0.100.9955
Initialize mono
Mono path[0] = 'C:/Program Files/Unity/Hub/Editor/2020.3.26f1/Editor/Data/Managed'
Mono path[1] = 'C:/Program Files/Unity/Hub/Editor/2020.3.26f1/Editor/Data/MonoBleedingEdge/lib/mono/unityjit'
Mono config path = 'C:/Program Files/Unity/Hub/Editor/2020.3.26f1/Editor/Data/MonoBleedingEdge/etc'
Using monoOptions --debugger-agent=transport=dt_socket,embedding=1,server=y,suspend=n,address=127.0.0.1:56384
Begin MonoManager ReloadAssembly
Registering precompiled unity dll's ...
Register platform support module: C:/Program Files/Unity/Hub/Editor/2020.3.26f1/Editor/Data/PlaybackEngines/WindowsStandaloneSupport/UnityEditor.WindowsStandalone.Extensions.dll
Registered in 0.009791 seconds.
Native extension for WindowsStandalone target not found
Refreshing native plugins compatible for Editor in 112.78 ms, found 3 plugins.
Preloading 0 native plugins for Editor in 0.00 ms.
Mono: successfully reloaded assembly
- Completed reload, in  1.391 seconds
Domain Reload Profiling:
	ReloadAssembly (1391ms)
		BeginReloadAssembly (231ms)
			ExecutionOrderSort (0ms)
			DisableScriptedObjects (0ms)
			BackupInstance (0ms)
			ReleaseScriptingObjects (0ms)
			CreateAndSetChildDomain (2ms)
		EndReloadAssembly (994ms)
			LoadAssemblies (231ms)
			RebuildTransferFunctionScriptingTraits (0ms)
			SetupTypeCache (312ms)
			ReleaseScriptCaches (0ms)
			RebuildScriptCaches (62ms)
			SetupLoadedEditorAssemblies (388ms)
				LogAssemblyErrors (0ms)
				InitializePlatformSupportModulesInManaged (9ms)
				SetLoadedEditorAssemblies (0ms)
				RefreshPlugins (113ms)
				BeforeProcessingInitializeOnLoad (37ms)
				ProcessInitializeOnLoadAttributes (169ms)
				ProcessInitializeOnLoadMethodAttributes (60ms)
				AfterProcessingInitializeOnLoad (0ms)
				EditorAssembliesLoaded (0ms)
			ExecutionOrderSort2 (0ms)
			AwakeInstancesAfterBackupRestoration (0ms)
Platform modules already initialized, skipping
Registering precompiled user dll's ...
Registered in 0.032329 seconds.
Begin MonoManager ReloadAssembly
Native extension for WindowsStandalone target not found
Refreshing native plugins compatible for Editor in 112.56 ms, found 3 plugins.
Preloading 0 native plugins for Editor in 0.00 ms.
Mono: successfully reloaded assembly
- Completed reload, in  7.560 seconds
Domain Reload Profiling:
	ReloadAssembly (7563ms)
		BeginReloadAssembly (380ms)
			ExecutionOrderSort (0ms)
			DisableScriptedObjects (8ms)
			BackupInstance (0ms)
			ReleaseScriptingObjects (0ms)
			CreateAndSetChildDomain (32ms)
		EndReloadAssembly (7050ms)
			LoadAssemblies (5118ms)
			RebuildTransferFunctionScriptingTraits (0ms)
			SetupTypeCache (809ms)
			ReleaseScriptCaches (1ms)
			RebuildScriptCaches (110ms)
			SetupLoadedEditorAssemblies (848ms)
				LogAssemblyErrors (0ms)
				InitializePlatformSupportModulesInManaged (8ms)
				SetLoadedEditorAssemblies (0ms)
				RefreshPlugins (113ms)
				BeforeProcessingInitializeOnLoad (194ms)
				ProcessInitializeOnLoadAttributes (472ms)
				ProcessInitializeOnLoadMethodAttributes (45ms)
				AfterProcessingInitializeOnLoad (16ms)
				EditorAssembliesLoaded (0ms)
			ExecutionOrderSort2 (0ms)
			AwakeInstancesAfterBackupRestoration (14ms)
Platform modules already initialized, skipping
========================================================================
Worker process is ready to serve import requests
Launched and connected shader compiler UnityShaderCompiler.exe after 0.11 seconds
Refreshing native plugins compatible for Editor in 0.98 ms, found 3 plugins.
Preloading 0 native plugins for Editor in 0.00 ms.
Unloading 2255 Unused Serialized files (Serialized files now loaded: 0)
System memory in use before: 97.9 MB.
System memory in use after: 98.0 MB.

Unloading 28 unused Assets to reduce memory usage. Loaded Objects now: 2691.
Total: 5.234800 ms (FindLiveObjects: 0.217400 ms CreateObjectMapping: 0.108900 ms MarkObjects: 4.756500 ms  DeleteObjects: 0.150100 ms)

AssetImportParameters requested are different than current active one (requested -> active):
  custom:framework-win-MediaFoundation: 216162199b28c13a410421893ffa2e32 -> 
  custom:video-decoder-ogg-theora: a1e56fd34408186e4bbccfd4996cb3dc -> 
  custom:container-muxer-webm: aa71ff27fc2769a1b78a27578f13a17b -> 
  custom:container-demuxer-webm: 4f35f7cbe854078d1ac9338744f61a02 -> 
  custom:container-demuxer-ogg: 62fdf1f143b41e24485cea50d1cbac27 -> 
  custom:video-encoder-webm-vp8: eb34c28f22e8b96e1ab97ce403110664 -> 
  custom:video-codec-MediaFoundation-h265: 746d11721c4dcdbdad8f713fa42b33f4 -> 
  custom:video-decoder-webm-vp8: 9c59270c3fd7afecdb556c50c9e8de78 -> 
  custom:audio-decoder-ogg-vorbis: bf7c407c2cedff20999df2af8eb42d56 -> 
  custom:audio-encoder-webm-vorbis: bf7c407c2cedff20999df2af8eb42d56 -> 
========================================================================
Received Import Request.
  path: Assets/48 Particle Effect Pack/Effect/Laser bombardment4.prefab
  artifactKey: Guid(ff9eb0a0f9983744eb282f0506ed5d7f) Importer(815301076,1909f56bfc062723c751e8b465ee728b)
Start importing Assets/48 Particle Effect Pack/Effect/Laser bombardment4.prefab using Guid(ff9eb0a0f9983744eb282f0506ed5d7f) Importer(815301076,1909f56bfc062723c751e8b465ee728b)  -> (artifact id: '205b678a700f5cc695daf3b035da35ef') in 0.275675 seconds 
  Import took 0.287205 seconds .

========================================================================
Received Import Request.
  Time since last request: 90.939181 seconds.
  path: Assets/Smoke.prefab
  artifactKey: Guid(e79a2d7dda3f8da40946eaa75fd7c2cb) Importer(815301076,1909f56bfc062723c751e8b465ee728b)
Start importing Assets/Smoke.prefab using Guid(e79a2d7dda3f8da40946eaa75fd7c2cb) Importer(815301076,1909f56bfc062723c751e8b465ee728b)  -> (artifact id: 'd7c053e450c7476c78a44a3a1d0883cf') in 0.063485 seconds 
  Import took 0.074963 seconds .

========================================================================
Received Import Request.
  Time since last request: 188.557022 seconds.
  path: Assets/Smoke.prefab
  artifactKey: Guid(e79a2d7dda3f8da40946eaa75fd7c2cb) Importer(815301076,1909f56bfc062723c751e8b465ee728b)
Start importing Assets/Smoke.prefab using Guid(e79a2d7dda3f8da40946eaa75fd7c2cb) Importer(815301076,1909f56bfc062723c751e8b465ee728b)  -> (artifact id: '64dd3cd98f7130c4f1d4804643973a3d') in 0.060234 seconds 
  Import took 0.068822 seconds .

========================================================================
Received Import Request.
  Time since last request: 8.500187 seconds.
  path: Assets/Spark.prefab
  artifactKey: Guid(e79a2d7dda3f8da40946eaa75fd7c2cb) Importer(815301076,1909f56bfc062723c751e8b465ee728b)
Start importing Assets/Spark.prefab using Guid(e79a2d7dda3f8da40946eaa75fd7c2cb) Importer(815301076,1909f56bfc062723c751e8b465ee728b)  -> (artifact id: 'b0a9f2ff7e8687ae8749ea72573c7346') in 0.056010 seconds 
  Import took 0.068086 seconds .

========================================================================
Received Import Request.
  Time since last request: 36.394450 seconds.
  path: Assets/Scripts/CollisionwithFruit.cs
  artifactKey: Guid(c881a5d7c97baa14f93446f70e2d3c52) Importer(815301076,1909f56bfc062723c751e8b465ee728b)
Start importing Assets/Scripts/CollisionwithFruit.cs using Guid(c881a5d7c97baa14f93446f70e2d3c52) Importer(815301076,1909f56bfc062723c751e8b465ee728b)  -> (artifact id: '525ad68cfa76246fc5d36b93b81647ff') in 0.022843 seconds 
  Import took 0.032571 seconds .

========================================================================
Received Prepare
Registering precompiled user dll's ...
Registered in 0.047277 seconds.
Begin MonoManager ReloadAssembly
Native extension for WindowsStandalone target not found
Refreshing native plugins compatible for Editor in 0.88 ms, found 3 plugins.
Preloading 0 native plugins for Editor in 0.00 ms.
Mono: successfully reloaded assembly
- Completed reload, in  2.752 seconds
Domain Reload Profiling:
	ReloadAssembly (2753ms)
		BeginReloadAssembly (430ms)
			ExecutionOrderSort (0ms)
			DisableScriptedObjects (16ms)
			BackupInstance (0ms)
			ReleaseScriptingObjects (0ms)
			CreateAndSetChildDomain (102ms)
		EndReloadAssembly (2153ms)
			LoadAssemblies (432ms)
			RebuildTransferFunctionScriptingTraits (0ms)
			SetupTypeCache (821ms)
			ReleaseScriptCaches (2ms)
			RebuildScriptCaches (92ms)
			SetupLoadedEditorAssemblies (679ms)
				LogAssemblyErrors (0ms)
				InitializePlatformSupportModulesInManaged (10ms)
				SetLoadedEditorAssemblies (1ms)
				RefreshPlugins (1ms)
				BeforeProcessingInitializeOnLoad (198ms)
				ProcessInitializeOnLoadAttributes (429ms)
				ProcessInitializeOnLoadMethodAttributes (26ms)
				AfterProcessingInitializeOnLoad (13ms)
				EditorAssembliesLoaded (1ms)
			ExecutionOrderSort2 (0ms)
			AwakeInstancesAfterBackupRestoration (20ms)
Platform modules already initialized, skipping
Switching build target platform(19) subTarget(0) extendedPlatform(0) -> platform(13) subTarget(537395200) extendedPlatform(0)
Refreshing native plugins compatible for Editor in 0.88 ms, found 3 plugins.
Preloading 0 native plugins for Editor in 0.00 ms.
Unloading 2247 Unused Serialized files (Serialized files now loaded: 0)
System memory in use before: 100.4 MB.
System memory in use after: 100.5 MB.

Unloading 17 unused Assets to reduce memory usage. Loaded Objects now: 2700.
Total: 6.197600 ms (FindLiveObjects: 0.255600 ms CreateObjectMapping: 0.113000 ms MarkObjects: 5.781900 ms  DeleteObjects: 0.044500 ms)

AssetImportParameters requested are different than current active one (requested -> active):
  custom:framework-win-MediaFoundation: 216162199b28c13a410421893ffa2e32 -> 
  custom:video-decoder-ogg-theora: a1e56fd34408186e4bbccfd4996cb3dc -> 
  custom:container-muxer-webm: aa71ff27fc2769a1b78a27578f13a17b -> 
  custom:container-demuxer-webm: 4f35f7cbe854078d1ac9338744f61a02 -> 
  custom:container-demuxer-ogg: 62fdf1f143b41e24485cea50d1cbac27 -> 
  custom:video-encoder-webm-vp8: eb34c28f22e8b96e1ab97ce403110664 -> 
  custom:video-codec-MediaFoundation-h265: 746d11721c4dcdbdad8f713fa42b33f4 -> 
  custom:video-decoder-webm-vp8: 9c59270c3fd7afecdb556c50c9e8de78 -> 
  custom:graphics/normal-map-encoding: 01000000000000000000000000000000 -> 02000000000000000000000000000000
  custom:audio-decoder-ogg-vorbis: bf7c407c2cedff20999df2af8eb42d56 -> 
  custom:audio-encoder-webm-vorbis: bf7c407c2cedff20999df2af8eb42d56 -> 
========================================================================
Received Import Request.
  Time since last request: 152.998353 seconds.
  path: Assets/Scripts/CollisionwithFruit.cs
  artifactKey: Guid(c881a5d7c97baa14f93446f70e2d3c52) Importer(815301076,1909f56bfc062723c751e8b465ee728b)
Start importing Assets/Scripts/CollisionwithFruit.cs using Guid(c881a5d7c97baa14f93446f70e2d3c52) Importer(815301076,1909f56bfc062723c751e8b465ee728b)  -> (artifact id: 'f5506da6575c4696828df45cdbb3bfb2') in 0.015556 seconds 
  Import took 0.027692 seconds .

========================================================================
Received Prepare
Registering precompiled user dll's ...
Registered in 0.026874 seconds.
Begin MonoManager ReloadAssembly
Native extension for WindowsStandalone target not found
Refreshing native plugins compatible for Editor in 0.83 ms, found 3 plugins.
Preloading 0 native plugins for Editor in 0.00 ms.
Mono: successfully reloaded assembly
- Completed reload, in  2.329 seconds
Domain Reload Profiling:
	ReloadAssembly (2330ms)
		BeginReloadAssembly (315ms)
			ExecutionOrderSort (0ms)
			DisableScriptedObjects (11ms)
			BackupInstance (0ms)
			ReleaseScriptingObjects (0ms)
			CreateAndSetChildDomain (63ms)
		EndReloadAssembly (1891ms)
			LoadAssemblies (356ms)
			RebuildTransferFunctionScriptingTraits (0ms)
			SetupTypeCache (617ms)
			ReleaseScriptCaches (2ms)
			RebuildScriptCaches (85ms)
			SetupLoadedEditorAssemblies (668ms)
				LogAssemblyErrors (0ms)
				InitializePlatformSupportModulesInManaged (10ms)
				SetLoadedEditorAssemblies (1ms)
				RefreshPlugins (1ms)
				BeforeProcessingInitializeOnLoad (189ms)
				ProcessInitializeOnLoadAttributes (428ms)
				ProcessInitializeOnLoadMethodAttributes (25ms)
				AfterProcessingInitializeOnLoad (13ms)
				EditorAssembliesLoaded (0ms)
			ExecutionOrderSort2 (0ms)
			AwakeInstancesAfterBackupRestoration (18ms)
Platform modules already initialized, skipping
Switching build target platform(19) subTarget(0) extendedPlatform(0) -> platform(13) subTarget(537395200) extendedPlatform(0)
Refreshing native plugins compatible for Editor in 0.80 ms, found 3 plugins.
Preloading 0 native plugins for Editor in 0.00 ms.
Unloading 2247 Unused Serialized files (Serialized files now loaded: 0)
System memory in use before: 100.4 MB.
System memory in use after: 100.5 MB.

Unloading 17 unused Assets to reduce memory usage. Loaded Objects now: 2702.
Total: 7.631500 ms (FindLiveObjects: 0.222700 ms CreateObjectMapping: 0.102600 ms MarkObjects: 7.248700 ms  DeleteObjects: 0.053800 ms)

AssetImportParameters requested are different than current active one (requested -> active):
  custom:framework-win-MediaFoundation: 216162199b28c13a410421893ffa2e32 -> 
  custom:video-decoder-ogg-theora: a1e56fd34408186e4bbccfd4996cb3dc -> 
  custom:container-muxer-webm: aa71ff27fc2769a1b78a27578f13a17b -> 
  custom:container-demuxer-webm: 4f35f7cbe854078d1ac9338744f61a02 -> 
  custom:container-demuxer-ogg: 62fdf1f143b41e24485cea50d1cbac27 -> 
  custom:video-encoder-webm-vp8: eb34c28f22e8b96e1ab97ce403110664 -> 
  custom:video-codec-MediaFoundation-h265: 746d11721c4dcdbdad8f713fa42b33f4 -> 
  custom:video-decoder-webm-vp8: 9c59270c3fd7afecdb556c50c9e8de78 -> 
  custom:graphics/normal-map-encoding: 01000000000000000000000000000000 -> 02000000000000000000000000000000
  custom:audio-decoder-ogg-vorbis: bf7c407c2cedff20999df2af8eb42d56 -> 
  custom:audio-encoder-webm-vorbis: bf7c407c2cedff20999df2af8eb42d56 -> 
========================================================================
Received Prepare
Registering precompiled user dll's ...
Registered in 0.044325 seconds.
Begin MonoManager ReloadAssembly
Native extension for WindowsStandalone target not found
Refreshing native plugins compatible for Editor in 0.90 ms, found 3 plugins.
Preloading 0 native plugins for Editor in 0.00 ms.
Mono: successfully reloaded assembly
- Completed reload, in  2.567 seconds
Domain Reload Profiling:
	ReloadAssembly (2568ms)
		BeginReloadAssembly (371ms)
			ExecutionOrderSort (0ms)
			DisableScriptedObjects (15ms)
			BackupInstance (0ms)
			ReleaseScriptingObjects (0ms)
			CreateAndSetChildDomain (73ms)
		EndReloadAssembly (2004ms)
			LoadAssemblies (428ms)
			RebuildTransferFunctionScriptingTraits (0ms)
			SetupTypeCache (642ms)
			ReleaseScriptCaches (2ms)
			RebuildScriptCaches (102ms)
			SetupLoadedEditorAssemblies (698ms)
				LogAssemblyErrors (0ms)
				InitializePlatformSupportModulesInManaged (9ms)
				SetLoadedEditorAssemblies (1ms)
				RefreshPlugins (1ms)
				BeforeProcessingInitializeOnLoad (202ms)
				ProcessInitializeOnLoadAttributes (444ms)
				ProcessInitializeOnLoadMethodAttributes (28ms)
				AfterProcessingInitializeOnLoad (13ms)
				EditorAssembliesLoaded (0ms)
			ExecutionOrderSort2 (0ms)
			AwakeInstancesAfterBackupRestoration (19ms)
Platform modules already initialized, skipping
Switching build target platform(19) subTarget(0) extendedPlatform(0) -> platform(13) subTarget(537395200) extendedPlatform(0)
Refreshing native plugins compatible for Editor in 0.89 ms, found 3 plugins.
Preloading 0 native plugins for Editor in 0.00 ms.
Unloading 2246 Unused Serialized files (Serialized files now loaded: 0)
System memory in use before: 100.4 MB.
System memory in use after: 100.5 MB.

Unloading 18 unused Assets to reduce memory usage. Loaded Objects now: 2703.
Total: 8.409500 ms (FindLiveObjects: 0.317200 ms CreateObjectMapping: 0.166500 ms MarkObjects: 7.861600 ms  DeleteObjects: 0.061500 ms)

AssetImportParameters requested are different than current active one (requested -> active):
  custom:framework-win-MediaFoundation: 216162199b28c13a410421893ffa2e32 -> 
  custom:video-decoder-ogg-theora: a1e56fd34408186e4bbccfd4996cb3dc -> 
  custom:container-muxer-webm: aa71ff27fc2769a1b78a27578f13a17b -> 
  custom:container-demuxer-webm: 4f35f7cbe854078d1ac9338744f61a02 -> 
  custom:container-demuxer-ogg: 62fdf1f143b41e24485cea50d1cbac27 -> 
  custom:video-encoder-webm-vp8: eb34c28f22e8b96e1ab97ce403110664 -> 
  custom:video-codec-MediaFoundation-h265: 746d11721c4dcdbdad8f713fa42b33f4 -> 
  custom:video-decoder-webm-vp8: 9c59270c3fd7afecdb556c50c9e8de78 -> 
  custom:graphics/normal-map-encoding: 01000000000000000000000000000000 -> 02000000000000000000000000000000
  custom:audio-decoder-ogg-vorbis: bf7c407c2cedff20999df2af8eb42d56 -> 
  custom:audio-encoder-webm-vorbis: bf7c407c2cedff20999df2af8eb42d56 -> 
========================================================================
Received Import Request.
  Time since last request: 79.587715 seconds.
  path: Assets/Prefabs/Food icons Pack/PNG/salat.png
  artifactKey: Guid(3e87be51823d846949ed08c33c74b463) Importer(815301076,1909f56bfc062723c751e8b465ee728b)
Start importing Assets/Prefabs/Food icons Pack/PNG/salat.png using Guid(3e87be51823d846949ed08c33c74b463) Importer(815301076,1909f56bfc062723c751e8b465ee728b)  -> (artifact id: '35b92e414ea210e4c1845bd52ecd9564') in 0.199000 seconds 
  Import took 0.213164 seconds .

========================================================================
Received Import Request.
  Time since last request: 0.000899 seconds.
  path: Assets/Prefabs/Food icons Pack/PNG/spice2.png
  artifactKey: Guid(c426c992373b24cc3883c5a23a361a83) Importer(815301076,1909f56bfc062723c751e8b465ee728b)
Start importing Assets/Prefabs/Food icons Pack/PNG/spice2.png using Guid(c426c992373b24cc3883c5a23a361a83) Importer(815301076,1909f56bfc062723c751e8b465ee728b)  -> (artifact id: '62dddd1e289d6fba4945cb1bf1c3a92e') in 0.071398 seconds 
  Import took 0.087611 seconds .

========================================================================
Received Import Request.
  Time since last request: 0.000488 seconds.
  path: Assets/Prefabs/Food icons Pack/PNG/squid.png
  artifactKey: Guid(c346a0526aba14f4285e8d21d3227bad) Importer(815301076,1909f56bfc062723c751e8b465ee728b)
Start importing Assets/Prefabs/Food icons Pack/PNG/squid.png using Guid(c346a0526aba14f4285e8d21d3227bad) Importer(815301076,1909f56bfc062723c751e8b465ee728b)  -> (artifact id: 'b12fb486a762ff8d4fff7679207a1165') in 0.068973 seconds 
  Import took 0.079935 seconds .

========================================================================
Received Import Request.
  Time since last request: 0.000598 seconds.
  path: Assets/Prefabs/Food icons Pack/PNG/spice1.png
  artifactKey: Guid(59310d6494c094eff9ffded8448cca9b) Importer(815301076,1909f56bfc062723c751e8b465ee728b)
Start importing Assets/Prefabs/Food icons Pack/PNG/spice1.png using Guid(59310d6494c094eff9ffded8448cca9b) Importer(815301076,1909f56bfc062723c751e8b465ee728b)  -> (artifact id: '3f1955a0f740cbcfb76dfa6c658cb76e') in 0.072498 seconds 
  Import took 0.083689 seconds .

========================================================================
Received Import Request.
  Time since last request: 0.000545 seconds.
  path: Assets/Prefabs/Food icons Pack/PNG/schnitzel.png
  artifactKey: Guid(af603204026e2456a94a095e52c55613) Importer(815301076,1909f56bfc062723c751e8b465ee728b)
Start importing Assets/Prefabs/Food icons Pack/PNG/schnitzel.png using Guid(af603204026e2456a94a095e52c55613) Importer(815301076,1909f56bfc062723c751e8b465ee728b)  -> (artifact id: 'a4646ab83f3eb5993daac02550ce5bd1') in 0.065203 seconds 
  Import took 0.079465 seconds .

========================================================================
Received Import Request.
  Time since last request: 0.000633 seconds.
  path: Assets/Prefabs/Food icons Pack/PNG/shell.png
  artifactKey: Guid(7a2fc80c3b3254003bc21e228e6b2cf2) Importer(815301076,1909f56bfc062723c751e8b465ee728b)
Start importing Assets/Prefabs/Food icons Pack/PNG/shell.png using Guid(7a2fc80c3b3254003bc21e228e6b2cf2) Importer(815301076,1909f56bfc062723c751e8b465ee728b)  -> (artifact id: '206bf7c56a605fc90bab0764d7d05dfa') in 0.064496 seconds 
  Import took 0.076524 seconds .

========================================================================
Received Import Request.
  Time since last request: 0.000795 seconds.
  path: Assets/Prefabs/Food icons Pack/PNG/shrimp.png
  artifactKey: Guid(8de82cd3a8b8d4fe6be6148f48b9396b) Importer(815301076,1909f56bfc062723c751e8b465ee728b)
Start importing Assets/Prefabs/Food icons Pack/PNG/shrimp.png using Guid(8de82cd3a8b8d4fe6be6148f48b9396b) Importer(815301076,1909f56bfc062723c751e8b465ee728b)  -> (artifact id: 'af688f70947c346471946a6fbf0d7297') in 0.064886 seconds 
  Import took 0.080779 seconds .

========================================================================
Received Import Request.
  Time since last request: 0.000572 seconds.
  path: Assets/Prefabs/Food icons Pack/PNG/sea buckthorn.png
  artifactKey: Guid(2778111920a9f48399ec6cb24229d5e4) Importer(815301076,1909f56bfc062723c751e8b465ee728b)
Start importing Assets/Prefabs/Food icons Pack/PNG/sea buckthorn.png using Guid(2778111920a9f48399ec6cb24229d5e4) Importer(815301076,1909f56bfc062723c751e8b465ee728b)  -> (artifact id: '4dbb9afba712648492fe6bc61ab4bd9e') in 0.070830 seconds 
  Import took 0.082819 seconds .

========================================================================
Received Import Request.
  Time since last request: 0.000565 seconds.
  path: Assets/Prefabs/Food icons Pack/PNG/sausage.png
  artifactKey: Guid(c2d9e80be85564073abdc0cc14bfe297) Importer(815301076,1909f56bfc062723c751e8b465ee728b)
Start importing Assets/Prefabs/Food icons Pack/PNG/sausage.png using Guid(c2d9e80be85564073abdc0cc14bfe297) Importer(815301076,1909f56bfc062723c751e8b465ee728b)  -> (artifact id: 'f9c6a7b8595d0990325ce5bb4d087560') in 0.067707 seconds 
  Import took 0.081736 seconds .

========================================================================
Received Import Request.
  Time since last request: 0.000553 seconds.
  path: Assets/Prefabs/Food icons Pack/PNG/straberry.png
  artifactKey: Guid(b72023ef6c5c54ebb94ee8c520cfe2e9) Importer(815301076,1909f56bfc062723c751e8b465ee728b)
Start importing Assets/Prefabs/Food icons Pack/PNG/straberry.png using Guid(b72023ef6c5c54ebb94ee8c520cfe2e9) Importer(815301076,1909f56bfc062723c751e8b465ee728b)  -> (artifact id: '1e24fe8b61a9c8f4583364a977f0a971') in 0.070219 seconds 
  Import took 0.089471 seconds .

========================================================================
Received Import Request.
  Time since last request: 0.684035 seconds.
  path: Assets/Prefabs/Food icons Pack/PNG/sunflower seeds.png
  artifactKey: Guid(475d1ac95f51a4b41969b1c49e47b1f6) Importer(815301076,1909f56bfc062723c751e8b465ee728b)
Start importing Assets/Prefabs/Food icons Pack/PNG/sunflower seeds.png using Guid(475d1ac95f51a4b41969b1c49e47b1f6) Importer(815301076,1909f56bfc062723c751e8b465ee728b)  -> (artifact id: '83ed634858a4e7115a7e235b5b4712c5') in 0.066723 seconds 
  Import took 0.084720 seconds .

========================================================================
Received Import Request.
  Time since last request: 0.000646 seconds.
  path: Assets/Prefabs/Food icons Pack/PNG/watermelon .png
  artifactKey: Guid(458b96fa7bc9e4c409f9b7f0b8bb2630) Importer(815301076,1909f56bfc062723c751e8b465ee728b)
Start importing Assets/Prefabs/Food icons Pack/PNG/watermelon .png using Guid(458b96fa7bc9e4c409f9b7f0b8bb2630) Importer(815301076,1909f56bfc062723c751e8b465ee728b)  -> (artifact id: 'f794150eaf27b66dde0e81eb0efd2d30') in 0.064912 seconds 
  Import took 0.080953 seconds .

========================================================================
Received Import Request.
  Time since last request: 0.000573 seconds.
  path: Assets/Prefabs/Food icons Pack/PNG/vine.png
  artifactKey: Guid(17eed5c66afc240adb201899c4537b06) Importer(815301076,1909f56bfc062723c751e8b465ee728b)
Start importing Assets/Prefabs/Food icons Pack/PNG/vine.png using Guid(17eed5c66afc240adb201899c4537b06) Importer(815301076,1909f56bfc062723c751e8b465ee728b)  -> (artifact id: '8f38d283086d12927ba45e29caee92d3') in 0.059787 seconds 
  Import took 0.076266 seconds .

========================================================================
Received Import Request.
  Time since last request: 0.000642 seconds.
  path: Assets/Prefabs/Food icons Pack/PNG/yellow pepper .png
  artifactKey: Guid(af9dcf356be2749228f23fff1cc8b7fb) Importer(815301076,1909f56bfc062723c751e8b465ee728b)
Start importing Assets/Prefabs/Food icons Pack/PNG/yellow pepper .png using Guid(af9dcf356be2749228f23fff1cc8b7fb) Importer(815301076,1909f56bfc062723c751e8b465ee728b)  -> (artifact id: '3121d8977a2c0ec9cc55b82479bd74cc') in 0.064241 seconds 
  Import took 0.079253 seconds .

========================================================================
Received Import Request.
  Time since last request: 0.001031 seconds.
  path: Assets/Prefabs/Food icons Pack/PNG/tea.png
  artifactKey: Guid(ffd9c3886ceba4432871778627f9f67f) Importer(815301076,1909f56bfc062723c751e8b465ee728b)
Start importing Assets/Prefabs/Food icons Pack/PNG/tea.png using Guid(ffd9c3886ceba4432871778627f9f67f) Importer(815301076,1909f56bfc062723c751e8b465ee728b)  -> (artifact id: 'fec78b300024cb59467e32251d1a26b6') in 0.065502 seconds 
  Import took 0.080162 seconds .

========================================================================
Received Import Request.
  Time since last request: 0.000837 seconds.
  path: Assets/Prefabs/Food icons Pack/PNG/tomato.png
  artifactKey: Guid(bb7faf4c850ef48cdb33c2bd17737619) Importer(815301076,1909f56bfc062723c751e8b465ee728b)
Start importing Assets/Prefabs/Food icons Pack/PNG/tomato.png using Guid(bb7faf4c850ef48cdb33c2bd17737619) Importer(815301076,1909f56bfc062723c751e8b465ee728b)  -> (artifact id: '343481a9f0c6516a563e8b2e3642514e') in 0.067419 seconds 
  Import took 0.079711 seconds .

========================================================================
Received Import Request.
  Time since last request: 0.000695 seconds.
  path: Assets/Prefabs/Food icons Pack/PNG/water.png
  artifactKey: Guid(f27b8794232ef48a399fdfa75bcc1569) Importer(815301076,1909f56bfc062723c751e8b465ee728b)
Start importing Assets/Prefabs/Food icons Pack/PNG/water.png using Guid(f27b8794232ef48a399fdfa75bcc1569) Importer(815301076,1909f56bfc062723c751e8b465ee728b)  -> (artifact id: '41704cc15ce9f153cfd20f86842eff45') in 0.068551 seconds 
  Import took 0.083545 seconds .

========================================================================
Received Import Request.
  Time since last request: 0.000489 seconds.
  path: Assets/Prefabs/Food icons Pack/PNG/wheat.png
  artifactKey: Guid(d7bac4c3e8f044f2983b509e3ef144a1) Importer(815301076,1909f56bfc062723c751e8b465ee728b)
Start importing Assets/Prefabs/Food icons Pack/PNG/wheat.png using Guid(d7bac4c3e8f044f2983b509e3ef144a1) Importer(815301076,1909f56bfc062723c751e8b465ee728b)  -> (artifact id: 'cafa6dab7e114a7924cc114a6abaf584') in 0.073978 seconds 
  Import took 0.085462 seconds .

========================================================================
Received Import Request.
  Time since last request: 0.000610 seconds.
  path: Assets/Prefabs/Food icons Pack/PNG/Untitled-1.png
  artifactKey: Guid(b359b2288b58743708bd438ac3fa1f7f) Importer(815301076,1909f56bfc062723c751e8b465ee728b)
Start importing Assets/Prefabs/Food icons Pack/PNG/Untitled-1.png using Guid(b359b2288b58743708bd438ac3fa1f7f) Importer(815301076,1909f56bfc062723c751e8b465ee728b)  -> (artifact id: '159d200524d0c6669e6443a7ead7cef7') in 0.078238 seconds 
  Import took 0.093605 seconds .

========================================================================
Received Import Request.
  Time since last request: 15.540083 seconds.
  path: Assets/Prefabs/Food icons Pack/PNG/straberry.png
  artifactKey: Guid(b72023ef6c5c54ebb94ee8c520cfe2e9) Importer(815301076,1909f56bfc062723c751e8b465ee728b)
Start importing Assets/Prefabs/Food icons Pack/PNG/straberry.png using Guid(b72023ef6c5c54ebb94ee8c520cfe2e9) Importer(815301076,1909f56bfc062723c751e8b465ee728b)  -> (artifact id: '68439d2c1489d31f1509053e335850bc') in 0.060567 seconds 
  Import took 0.073819 seconds .

========================================================================
Received Import Request.
  Time since last request: 68.239362 seconds.
  path: Assets/Prefabs/Fruit_06.prefab
  artifactKey: Guid(81baa3b73053b214d8ca03db957418be) Importer(815301076,1909f56bfc062723c751e8b465ee728b)
Start importing Assets/Prefabs/Fruit_06.prefab using Guid(81baa3b73053b214d8ca03db957418be) Importer(815301076,1909f56bfc062723c751e8b465ee728b)  -> (artifact id: '86da3fd9a988e3a37cf8402a4839d60e') in 0.107629 seconds 
  Import took 0.117508 seconds .

========================================================================
Received Prepare
Registering precompiled user dll's ...
Registered in 0.027478 seconds.
Begin MonoManager ReloadAssembly
Native extension for WindowsStandalone target not found
Refreshing native plugins compatible for Editor in 1.28 ms, found 3 plugins.
Preloading 0 native plugins for Editor in 0.00 ms.
Mono: successfully reloaded assembly
- Completed reload, in  2.464 seconds
Domain Reload Profiling:
	ReloadAssembly (2466ms)
		BeginReloadAssembly (373ms)
			ExecutionOrderSort (0ms)
			DisableScriptedObjects (17ms)
			BackupInstance (0ms)
			ReleaseScriptingObjects (0ms)
			CreateAndSetChildDomain (79ms)
		EndReloadAssembly (1950ms)
			LoadAssemblies (406ms)
			RebuildTransferFunctionScriptingTraits (0ms)
			SetupTypeCache (625ms)
			ReleaseScriptCaches (2ms)
			RebuildScriptCaches (84ms)
			SetupLoadedEditorAssemblies (666ms)
				LogAssemblyErrors (0ms)
				InitializePlatformSupportModulesInManaged (8ms)
				SetLoadedEditorAssemblies (1ms)
				RefreshPlugins (2ms)
				BeforeProcessingInitializeOnLoad (181ms)
				ProcessInitializeOnLoadAttributes (436ms)
				ProcessInitializeOnLoadMethodAttributes (25ms)
				AfterProcessingInitializeOnLoad (12ms)
				EditorAssembliesLoaded (0ms)
			ExecutionOrderSort2 (0ms)
			AwakeInstancesAfterBackupRestoration (17ms)
Platform modules already initialized, skipping
Switching build target platform(19) subTarget(0) extendedPlatform(0) -> platform(13) subTarget(537395200) extendedPlatform(0)
Refreshing native plugins compatible for Editor in 0.84 ms, found 3 plugins.
Preloading 0 native plugins for Editor in 0.00 ms.
Unloading 2246 Unused Serialized files (Serialized files now loaded: 0)
System memory in use before: 100.6 MB.
System memory in use after: 100.7 MB.

Unloading 17 unused Assets to reduce memory usage. Loaded Objects now: 2708.
Total: 5.121400 ms (FindLiveObjects: 0.229900 ms CreateObjectMapping: 0.138600 ms MarkObjects: 4.713900 ms  DeleteObjects: 0.036700 ms)

AssetImportParameters requested are different than current active one (requested -> active):
  custom:framework-win-MediaFoundation: 216162199b28c13a410421893ffa2e32 -> 
  custom:video-decoder-ogg-theora: a1e56fd34408186e4bbccfd4996cb3dc -> 
  custom:container-muxer-webm: aa71ff27fc2769a1b78a27578f13a17b -> 
  custom:container-demuxer-webm: 4f35f7cbe854078d1ac9338744f61a02 -> 
  custom:container-demuxer-ogg: 62fdf1f143b41e24485cea50d1cbac27 -> 
  custom:video-encoder-webm-vp8: eb34c28f22e8b96e1ab97ce403110664 -> 
  custom:video-codec-MediaFoundation-h265: 746d11721c4dcdbdad8f713fa42b33f4 -> 
  custom:video-decoder-webm-vp8: 9c59270c3fd7afecdb556c50c9e8de78 -> 
  custom:graphics/normal-map-encoding: 01000000000000000000000000000000 -> 02000000000000000000000000000000
  custom:audio-decoder-ogg-vorbis: bf7c407c2cedff20999df2af8eb42d56 -> 
  custom:audio-encoder-webm-vorbis: bf7c407c2cedff20999df2af8eb42d56 -> 
